
        [2026-03-11T03:12:37.485Z]
        GET /students/:1
        Message: invalid input syntax for type integer: ":1"
        Stack: error: invalid input syntax for type integer: ":1"
    at /Users/frankstepanski/Desktop/fullstack bootcamp/23-API/demos/2-rest-postgres/node_modules/pg-pool/index.js:45:11
    at process.processTicksAndRejections (node:internal/process/task_queues:105:5)
    at async Module.getStudent (file:///Users/frankstepanski/Desktop/fullstack%20bootcamp/23-API/demos/2-rest-postgres/services/studentService.js:16:18)
    at async getStudent (file:///Users/frankstepanski/Desktop/fullstack%20bootcamp/23-API/demos/2-rest-postgres/controllers/studentController.js:58:21)
    
        [2026-03-11T15:38:02.182Z]
        GET /students/3d
        Message: invalid input syntax for type integer: "3d"
        Stack: error: invalid input syntax for type integer: "3d"
    at /Users/frankstepanski/Desktop/fullstack bootcamp/23-API/demos/2-rest-postgres/node_modules/pg-pool/index.js:45:11
    at process.processTicksAndRejections (node:internal/process/task_queues:105:5)
    at async Module.getStudent (file:///Users/frankstepanski/Desktop/fullstack%20bootcamp/23-API/demos/2-rest-postgres/services/studentService.js:16:18)
    at async getStudent (file:///Users/frankstepanski/Desktop/fullstack%20bootcamp/23-API/demos/2-rest-postgres/controllers/studentController.js:58:21)
    
        [2026-03-11T15:38:58.932Z]
        GET /students/3d
        Message: invalid input syntax for type integer: "3d"
        Stack: error: invalid input syntax for type integer: "3d"
    at /Users/frankstepanski/Desktop/fullstack bootcamp/23-API/demos/2-rest-postgres/node_modules/pg-pool/index.js:45:11
    at process.processTicksAndRejections (node:internal/process/task_queues:105:5)
    at async Module.getStudent (file:///Users/frankstepanski/Desktop/fullstack%20bootcamp/23-API/demos/2-rest-postgres/services/studentService.js:16:18)
    at async getStudent (file:///Users/frankstepanski/Desktop/fullstack%20bootcamp/23-API/demos/2-rest-postgres/controllers/studentController.js:58:21)
    